Build started 10/30/2015 08:48:21.
     1>Project "c:\Users\John\documents\visual studio 2013\Projects\Lab1ex.7\Lab1ex.7\Lab1ex.7.vcxproj" on node 2 (Build target(s)).
     1>ClCompile:
         C:\Program Files (x86)\Microsoft Visual Studio 12.0\VC\bin\CL.exe /c /ZI /nologo /W3 /WX- /Od /Oy- /D WIN32 /D _DEBUG /D _CONSOLE /D _LIB /D _UNICODE /D UNICODE /Gm /EHsc /RTC1 /MDd /GS /fp:precise /Zc:wchar_t /Zc:forScope /Fo"Debug\\" /Fd"Debug\vc120.pdb" /Gd /TP /analyze- /errorReport:prompt Lab1ex7.cpp nod.cpp
         nod.cpp
     1>c:\users\john\documents\visual studio 2013\projects\lab1ex.7\lab1ex.7\nod.cpp(2): fatal error C1083: Cannot open include file: 'om.h': No such file or directory
         Lab1ex7.cpp
     1>c:\users\john\documents\visual studio 2013\projects\lab1ex.7\lab1ex.7\lab1ex7.cpp(2): fatal error C1083: Cannot open include file: 'om.h': No such file or directory
         Generating Code...
     1>Done Building Project "c:\Users\John\documents\visual studio 2013\Projects\Lab1ex.7\Lab1ex.7\Lab1ex.7.vcxproj" (Build target(s)) -- FAILED.

Build FAILED.

Time Elapsed 00:00:00.67
